<?xml version="1.0" encoding="UTF-8"?>
<!-- Generated by org.testng.reporters.JUnitReportReporter -->
<testsuite skipped="0" hostname="Acer-Pc" name="com.amazon.test.AmazonTest" tests="1" failures="0" timestamp="21 Aug 2021 18:54:09 GMT" time="66.744" errors="0">
  <testcase name="AddToCart" time="66.744" classname="com.amazon.test.AmazonTest"/>
</testsuite> <!-- com.amazon.test.AmazonTest -->
